<?xml version="1.0" encoding="UTF-8"?>
<robot generator="Robot 5.0.1 (Python 3.8.10 on linux)" generated="20220922 06:53:44.252" rpa="false" schemaversion="3">
<suite id="s1" name="Task1" source="/home/hassif/Desktop/qa/RF/task1.robot">
<test id="s1-t1" name="Login To Deriv" line="8">
<kw name="Open Browser" library="SeleniumLibrary">
<arg>${web_url}</arg>
<arg>chrome</arg>
<doc>Opens a new browser instance to the optional ``url``.</doc>
<msg timestamp="20220922 06:53:44.340" level="INFO">Opening browser 'chrome' to base url 'https://app.deriv.com/'.</msg>
<msg timestamp="20220922 10:13:59.581" level="WARN">Retrying (Retry(total=2, connect=None, read=None, redirect=None, status=None)) after connection broken by 'NewConnectionError('&lt;urllib3.connection.HTTPConnection object at 0x7fe5ab2dcac0&gt;: Failed to establish a new connection: [Errno 111] Connection refused')': /session/88861f9e941441a03058880c4426fcaf/screenshot</msg>
<msg timestamp="20220922 10:13:59.590" level="WARN">Keyword 'Capture Page Screenshot' could not be run on failure: [Errno 5] Input/output error</msg>
<msg timestamp="20220922 10:13:59.615" level="FAIL">OSError: [Errno 5] Input/output error</msg>
<errors>
</errors>
</robot>
' and contains(.,'Rise')]</arg>
<arg>10</arg>
<doc>Waits until the element ``locator`` appears on the current page.</doc>
<status status="PASS" starttime="20220922 07:01:07.844" endtime="20220922 07:01:08.280"/>
</kw>
<kw name="Click Element" library="SeleniumLibrary">
<arg>dt_login_button</arg>
<doc>Click the element identified by ``locator``.</doc>
<msg timestamp="20220922 07:01:08.285" level="INFO">Clicking element 'dt_login_button'.</msg>
<status status="PASS" starttime="20220922 07:01:08.281" endtime="20220922 07:01:11.013"/>
</kw>
<kw name="Wait Until Page Contains Element" library="SeleniumLibrary">
<arg>//input[@type='email']</arg>
<arg>10</arg>
<doc>Waits until the element ``locator`` appears on the current page.</doc>
<status status="PASS" starttime="20220922 07:01:11.015" endtime="20220922 07:01:11.346"/>
</kw>
<kw name="Input Text" library="SeleniumLibrary">
<arg>txtEmail</arg>
<arg>hassif@besquare.com.my</arg>
<doc>Types the given ``text`` into the text field identified by ``locator``.</doc>
<msg timestamp="20220922 07:01:11.349" level="INFO">Typing text 'hassif@besquare.com.my' into text field 'txtEmail'.</msg>
<status status="PASS" starttime="20220922 07:01:11.347" endtime="20220922 07:01:12.374"/>
</kw>
<kw name="Input Text" library="SeleniumLibrary">
<arg>txtPass</arg>
<arg>Huhu1234</arg>
<doc>Types the given ``text`` into the text field identified by ``locator``.</doc>
<msg timestamp="20220922 07:01:12.375" level="INFO">Typing text 'Huhu1234' into text field 'txtPass'.</msg>
<status status="PASS" starttime="20220922 07:01:12.375" endtime="20220922 07:01:13.371"/>
</kw>
<kw name="Click Element" library="SeleniumLibrary">
<arg>//button[@type='submit']</arg>
<doc>Click the element identified by ``locator``.</doc>
<msg timestamp="20220922 07:01:13.372" level="INFO">Clicking element '//button[@type='submit']'.</msg>
<msg timestamp="20220922 10:13:59.160" level="WARN">Retrying (Retry(total=2, connect=None, read=None, redirect=None, status=None)) after connection broken by 'NewConnectionError('&lt;urllib3.connection.HTTPConnection object at 0x7fc85450e2e0&gt;: Failed to establish a new connection: [Errno 111] Connection refused')': /session/3bd61d6a69465754e07775438afaed5e/screenshot</msg>
<msg timestamp="20220922 10:13:59.161" level="WARN">Keyword 'Capture Page Screenshot' could not be run on failure: [Errno 5] Input/output error</msg>
<msg timestamp="20220922 10:13:59.163" level="FAIL">OSError: [Errno 5] Input/output error</msg>
<errors>
</errors>
</robot>
ement '//div[@id='dt_core_account-info_acc-info']'.</msg>
<status status="PASS" starttime="20220922 09:50:53.684" endtime="20220922 09:50:54.987"/>
</kw>
<kw name="Wait Until Page Contains Element" library="SeleniumLibrary">
<arg>//div[contains(@id, "dt_CR")]</arg>
<arg>10</arg>
<doc>Waits until the element ``locator`` appears on the current page.</doc>
<status status="PASS" starttime="20220922 09:50:54.988" endtime="20220922 09:50:55.319"/>
</kw>
<kw name="Click Element" library="SeleniumLibrary">
<arg>//li[@id='dt_core_account-switcher_demo-tab']</arg>
<doc>Click the element identified by ``locator``.</doc>
<msg timestamp="20220922 09:50:55.320" level="INFO">Clicking element '//li[@id='dt_core_account-switcher_demo-tab']'.</msg>
<status status="PASS" starttime="20220922 09:50:55.319" endtime="20220922 09:50:56.044"/>
</kw>
<kw name="Wait Until Page Contains Element" library="SeleniumLibrary">
<arg>//div[contains(@id, "dt_VRTC")]</arg>
<arg>30</arg>
<doc>Waits until the element ``locator`` appears on the current page.</doc>
<status status="PASS" starttime="20220922 09:50:56.044" endtime="20220922 09:50:56.364"/>
</kw>
<kw name="Click Element" library="SeleniumLibrary">
<arg>//div[contains(@id, "dt_VRTC")]</arg>
<doc>Click the element identified by ``locator``.</doc>
<msg timestamp="20220922 09:50:56.365" level="INFO">Clicking element '//div[contains(@id, "dt_VRTC")]'.</msg>
<status status="PASS" starttime="20220922 09:50:56.365" endtime="20220922 09:50:57.149"/>
</kw>
<kw name="Sleep" library="BuiltIn">
<arg>2</arg>
<doc>Pauses the test executed for the given time.</doc>
<msg timestamp="20220922 09:50:59.150" level="INFO">Slept 2 seconds</msg>
<status status="PASS" starttime="20220922 09:50:57.150" endtime="20220922 09:50:59.150"/>
</kw>
<kw name="Click Element" library="SeleniumLibrary">
<arg>//div[@class='cq-symbol-select-btn']</arg>
<doc>Click the element identified by ``locator``.</doc>
<msg timestamp="20220922 09:50:59.152" level="INFO">Clicking element '//div[@class='cq-symbol-select-btn']'.</msg>
<status status="PASS" starttime="20220922 09:50:59.151" endtime="20220922 09:50:59.993"/>
</kw>
<kw name="Wait Until Page Contains Element" library="SeleniumLibrary">
<arg>//div[@class="sc-mcd__filter__item sc-mcd__filter__item--selected" and contains(.,"Synthetic Indices")]</arg>
<arg>10</arg>
<doc>Waits until the element ``locator`` appears on the current page.</doc>
<status status="PASS" starttime="20220922 09:50:59.993" endtime="20220922 09:51:00.312"/>
</kw>
<kw name="Sleep" library="BuiltIn">
<arg>2</arg>
<doc>Pauses the test executed for the given time.</doc>
<msg timestamp="20220922 09:51:02.313" level="INFO">Slept 2 seconds</msg>
<status status="PASS" starttime="20220922 09:51:00.312" endtime="20220922 09:51:02.313"/>
</kw>
<kw name="Click Element" library="SeleniumLibrary">
<arg>//div[@class='sc-mcd__filter__item ' and contains(.,'Forex')]</arg>
<doc>Click the element identified by ``locator``.</doc>
<msg timestamp="20220922 09:51:02.314" level="INFO">Clicking element '//div[@class='sc-mcd__filter__item ' and contains(.,'Forex')]'.</msg>
<status status="PASS" starttime="20220922 09:51:02.314" endtime="20220922 09:51:03.245"/>
</kw>
<kw name="Wait Until Page Contains Element" library="SeleniumLibrary">
<arg>//div[@class="sc-mcd__item sc-mcd__item--frxAUDUSD "]</arg>
<arg>10</arg>
<doc>Waits until the element ``locator`` appears on the current page.</doc>
<status status="PASS" starttime="20220922 09:51:03.247" endtime="20220922 09:51:03.591"/>
</kw>
<kw name="Click Element" library="SeleniumLibrary">
<arg>//div[@class="sc-mcd__item sc-mcd__item--frxAUDUSD "]</arg>
<doc>Click the element identified by ``locator``.</doc>
<msg timestamp="20220922 09:51:03.592" level="INFO">Clicking element '//div[@class="sc-mcd__item sc-mcd__item--frxAUDUSD "]'.</msg>
<status status="PASS" starttime="20220922 09:51:03.592" endtime="20220922 09:51:04.396"/>
</kw>
<kw name="Wait Until Page Contains Element" library="SeleniumLibrary">
<arg>//div[@class="contract-type-widget__display"]</arg>
<arg>10</arg>
<doc>Waits until the element ``locator`` appears on the current page.</doc>
<status status="PASS" starttime="20220922 09:51:04.396" endtime="20220922 09:51:05.383"/>
</kw>
<kw name="Click Element" library="SeleniumLibrary">
<arg>//div[@class="contract-type-widget__display"]</arg>
<doc>Click the element identified by ``locator``.</doc>
<msg timestamp="20220922 09:51:05.384" level="INFO">Clicking element '//div[@class="contract-type-widget__display"]'.</msg>
<status status="PASS" starttime="20220922 09:51:05.384" endtime="20220922 09:51:06.174"/>
</kw>
<kw name="Wait Until Page Contains Element" library="SeleniumLibrary">
<arg>//div[@id="dt_contract_high_low_item"]</arg>
<arg>10</arg>
<doc>Waits until the element ``locator`` appears on the current page.</doc>
<status status="PASS" starttime="20220922 09:51:06.175" endtime="20220922 09:51:06.497"/>
</kw>
<kw name="Click Element" library="SeleniumLibrary">
<arg>//div[@id="dt_contract_high_low_item"]</arg>
<doc>Click the element identified by ``locator``.</doc>
<msg timestamp="20220922 09:51:06.498" level="INFO">Clicking element '//div[@id="dt_contract_high_low_item"]'.</msg>
<status status="PASS" starttime="20220922 09:51:06.497" endtime="20220922 09:51:07.406"/>
</kw>
<kw name="Press Keys" library="SeleniumLibrary">
<arg>//input[@class='dc-input__field']</arg>
<arg>CTRL+a+BACKSPACE</arg>
<doc>Simulates the user pressing key(s) to an element or on the active browser.</doc>
<msg timestamp="20220922 09:51:07.407" level="INFO">Sending key(s) ('CTRL+a+BACKSPACE',) to //input[@class='dc-input__field'] element.</msg>
<msg timestamp="20220922 09:51:08.471" level="INFO">Pressing special key CONTROL down.</msg>
<msg timestamp="20220922 09:51:08.471" level="INFO">Sending key a</msg>
<msg timestamp="20220922 09:51:08.471" level="INFO">Pressing special key BACKSPACE down.</msg>
<msg timestamp="20220922 09:51:08.471" level="INFO">Releasing special key CONTROL.</msg>
<msg timestamp="20220922 09:51:08.471" level="INFO">Releasing special key BACKSPACE.</msg>
<status status="PASS" starttime="20220922 09:51:07.407" endtime="20220922 09:51:08.941"/>
</kw>
<kw name="Input Text" library="SeleniumLibrary">
<arg>//input[@class='dc-input__field']</arg>
<arg>4</arg>
<doc>Types the given ``text`` into the text field identified by ``locator``.</doc>
<msg timestamp="20220922 09:51:08.942" level="INFO">Typing text '4' into text field '//input[@class='dc-input__field']'.</msg>
<status status="PASS" starttime="20220922 09:51:08.942" endtime="20220922 09:51:10.171"/>
</kw>
<kw name="Click Element" library="SeleniumLibrary">
<arg>//button[@id='dc_payout_toggle_item']</arg>
<doc>Click the element identified by ``locator``.</doc>
<msg timestamp="20220922 09:51:10.172" level="INFO">Clicking element '//button[@id='dc_payout_toggle_item']'.</msg>
<status status="PASS" starttime="20220922 09:51:10.171" endtime="20220922 09:51:11.066"/>
</kw>
<kw name="Press Keys" library="SeleniumLibrary">
<arg>//input[@class='input trade-container__input trade-container__barriers-input trade-container__barriers-single-input']</arg>
<arg>CTRL+a+BACKSPACE</arg>
<doc>Simulates the user pressing key(s) to an element or on the active browser.</doc>
<msg timestamp="20220922 09:51:11.067" level="INFO">Sending key(s) ('CTRL+a+BACKSPACE',) to //input[@class='input trade-container__input trade-container__barriers-input trade-container__barriers-single-input'] element.</msg>
<msg timestamp="20220922 09:51:12.070" level="INFO">Pressing special key CONTROL down.</msg>
<msg timestamp="20220922 09:51:12.070" level="INFO">Sending key a</msg>
<msg timestamp="20220922 09:51:12.070" level="INFO">Pressing special key BACKSPACE down.</msg>
<msg timestamp="20220922 09:51:12.070" level="INFO">Releasing special key CONTROL.</msg>
<msg timestamp="20220922 09:51:12.070" level="INFO">Releasing special key BACKSPACE.</msg>
<status status="PASS" starttime="20220922 09:51:11.067" endtime="20220922 09:51:12.409"/>
</kw>
<kw name="Input Text" library="SeleniumLibrary">
<arg>//input[@id="dt_barrier_1_input"]</arg>
<arg>-0.3</arg>
<doc>Types the given ``text`` into the text field identified by ``locator``.</doc>
<msg timestamp="20220922 09:51:12.411" level="INFO">Typing text '-0.3' into text field '//input[@id="dt_barrier_1_input"]'.</msg>
<status status="PASS" starttime="20220922 09:51:12.410" endtime="20220922 09:51:13.469"/>
</kw>
<kw name="Press Keys" library="SeleniumLibrary">
<arg>//input[@id='dt_amount_input']</arg>
<arg>CTRL+a+BACKSPACE</arg>
<doc>Simulates the user pressing key(s) to an element or on the active browser.</doc>
<msg timestamp="20220922 09:51:13.470" level="INFO">Sending key(s) ('CTRL+a+BACKSPACE',) to //input[@id='dt_amount_input'] element.</msg>
<msg timestamp="20220922 09:51:14.445" level="INFO">Pressing special key CONTROL down.</msg>
<msg timestamp="20220922 09:51:14.445" level="INFO">Sending key a</msg>
<msg timestamp="20220922 09:51:14.445" level="INFO">Pressing special key BACKSPACE down.</msg>
<msg timestamp="20220922 09:51:14.445" level="INFO">Releasing special key CONTROL.</msg>
<msg timestamp="20220922 09:51:14.445" level="INFO">Releasing special key BACKSPACE.</msg>
<status status="PASS" starttime="20220922 09:51:13.470" endtime="20220922 09:51:14.852"/>
</kw>
<kw name="Input Text" library="SeleniumLibrary">
<arg>//input[@id='dt_amount_input']</arg>
<arg>10</arg>
<doc>Types the given ``text`` into the text field identified by ``locator``.</doc>
<msg timestamp="20220922 09:51:14.853" level="INFO">Typing text '10' into text field '//input[@id='dt_amount_input']'.</msg>
<status status="PASS" starttime="20220922 09:51:14.852" endtime="20220922 09:51:16.042"/>
</kw>
<kw name="Wait Until Page Contains Element" library="SeleniumLibrary">
<arg>//button[@class='btn-purchase btn-purchase--2']</arg>
<arg>10</arg>
<doc>Waits until the element ``locator`` appears on the current page.</doc>
<msg timestamp="20220922 09:51:24.409" level="WARN">Keyword 'Capture Page Screenshot' could not be run on failure: Message: chrome not reachable
  (Session info: chrome=105.0.5195.125)
Stacktrace:
#0 0x55863db9a693 &lt;unknown&gt;
#1 0x55863d9939db &lt;unknown&gt;
#2 0x55863d983904 &lt;unknown&gt;
#3 0x55863d974301 &lt;unknown&gt;
#4 0x55863d97908d &lt;unknown&gt;
#5 0x55863d97e2b6 &lt;unknown&gt;
#6 0x55863d995072 &lt;unknown&gt;
#7 0x55863d9fcad8 &lt;unknown&gt;
#8 0x55863d9e9743 &lt;unknown&gt;
#9 0x55863d9bf533 &lt;unknown&gt;
#10 0x55863d9c0715 &lt;unknown&gt;
#11 0x55863dbea7bd &lt;unknown&gt;
#12 0x55863dbedbf9 &lt;unknown&gt;
#13 0x55863dbcff2e &lt;unknown&gt;
#14 0x55863dbee9b3 &lt;unknown&gt;
#15 0x55863dbc3e4f &lt;unknown&gt;
#16 0x55863dc0dea8 &lt;unknown&gt;
#17 0x55863dc0e052 &lt;unknown&gt;
#18 0x55863dc2871f &lt;unknown&gt;
#19 0x7f397e763609 &lt;unknown&gt;
</msg>
<msg timestamp="20220922 09:51:24.409" level="FAIL">WebDriverException: Message: chrome not reachable
  (Session info: chrome=105.0.5195.125)
Stacktrace:
#0 0x55863db9a693 &lt;unknown&gt;
#1 0x55863d9939db &lt;unknown&gt;
#2 0x55863d983904 &lt;unknown&gt;
#3 0x55863d974301 &lt;unknown&gt;
#4 0x55863d97908d &lt;unknown&gt;
#5 0x55863d97e2b6 &lt;unknown&gt;
#6 0x55863d995072 &lt;unknown&gt;
#7 0x55863d9fcad8 &lt;unknown&gt;
#8 0x55863d9e9743 &lt;unknown&gt;
#9 0x55863d9bf533 &lt;unknown&gt;
#10 0x55863d9c0715 &lt;unknown&gt;
#11 0x55863dbea7bd &lt;unknown&gt;
#12 0x55863dbedbf9 &lt;unknown&gt;
#13 0x55863dbcff2e &lt;unknown&gt;
#14 0x55863dbee9b3 &lt;unknown&gt;
#15 0x55863dbc3e4f &lt;unknown&gt;
#16 0x55863dc0dea8 &lt;unknown&gt;
#17 0x55863dc0e052 &lt;unknown&gt;
#18 0x55863dc2871f &lt;unknown&gt;
#19 0x7f397e763609 &lt;unknown&gt;
</msg>
<status status="FAIL" starttime="20220922 09:51:16.042" endtime="20220922 09:51:24.410"/>
</kw>
<kw name="Click Element" library="SeleniumLibrary">
<arg>//button[@class='btn-purchase btn-purchase--2']</arg>
<doc>Click the element identified by ``locator``.</doc>
<status status="NOT RUN" starttime="20220922 09:51:24.410" endtime="20220922 09:51:24.410"/>
</kw>
<status status="FAIL" starttime="20220922 09:50:33.242" endtime="20220922 09:51:24.410">WebDriverException: Message: chrome not reachable
  (Session info: chrome=105.0.5195.125)
Stacktrace:
#0 0x55863db9a693 &lt;unknown&gt;
#1 0x55863d9939db &lt;unknown&gt;
#2 0x55863d983904 &lt;unknown&gt;
#3 0x55863d974301 &lt;unknown&gt;
#4 0x55863d97908d &lt;unknown&gt;
#5 0x55863d97e2b6 &lt;unknown&gt;
#6 0x55863d995072 &lt;unknown&gt;
#7 0x55863d9fcad8 &lt;unknown&gt;
#8 0x55863d9e9743 &lt;unknown&gt;
#9 0x55863d9bf533 &lt;unknown&gt;
#10 0x55863d9c0715 &lt;unknown&gt;
#11 0x55863dbea7bd &lt;unknown&gt;
#12 0x55863dbedbf9 &lt;unknown&gt;
#13 0x55863dbcff2e &lt;unknown&gt;
#14 0x55863dbee9b3 &lt;unknown&gt;
#15 0x55863dbc3e4f &lt;unknown&gt;
#16 0x55863dc0dea8 &lt;unknown&gt;
#17 0x55863dc0e052 &lt;unknown&gt;
#18 0x55863dc2871f &lt;unknown&gt;
#19 0x7f397e763609 &lt;unknown&gt;
</status>
</test>
<status status="FAIL" starttime="20220922 09:50:33.163" endtime="20220922 09:51:24.412"/>
</suite>
<statistics>
<total>
<stat pass="0" fail="1" skip="0">All Tests</stat>
</total>
<tag>
</tag>
<suite>
<stat pass="0" fail="1" skip="0" id="s1" name="Task4">Task4</stat>
</suite>
</statistics>
<errors>
<msg timestamp="20220922 09:51:24.409" level="WARN">Keyword 'Capture Page Screenshot' could not be run on failure: Message: chrome not reachable
  (Session info: chrome=105.0.5195.125)
Stacktrace:
#0 0x55863db9a693 &lt;unknown&gt;
#1 0x55863d9939db &lt;unknown&gt;
#2 0x55863d983904 &lt;unknown&gt;
#3 0x55863d974301 &lt;unknown&gt;
#4 0x55863d97908d &lt;unknown&gt;
#5 0x55863d97e2b6 &lt;unknown&gt;
#6 0x55863d995072 &lt;unknown&gt;
#7 0x55863d9fcad8 &lt;unknown&gt;
#8 0x55863d9e9743 &lt;unknown&gt;
#9 0x55863d9bf533 &lt;unknown&gt;
#10 0x55863d9c0715 &lt;unknown&gt;
#11 0x55863dbea7bd &lt;unknown&gt;
#12 0x55863dbedbf9 &lt;unknown&gt;
#13 0x55863dbcff2e &lt;unknown&gt;
#14 0x55863dbee9b3 &lt;unknown&gt;
#15 0x55863dbc3e4f &lt;unknown&gt;
#16 0x55863dc0dea8 &lt;unknown&gt;
#17 0x55863dc0e052 &lt;unknown&gt;
#18 0x55863dc2871f &lt;unknown&gt;
#19 0x7f397e763609 &lt;unknown&gt;
</msg>
</errors>
</robot>
