<?xml version="1.0" encoding="UTF-8"?>
<robot generator="Robot 5.0.1 (Python 3.8.10 on linux)" generated="20220923 05:24:26.587" rpa="false" schemaversion="3">
<suite id="s1" name="CheckToken" source="/home/hassif/Desktop/qa/Day 8 Project/CheckToken.robot">
<test id="s1-t1" name="TokenNameValidation" line="8">
<kw name="Open Browser" library="SeleniumLibrary">
<arg>${web_url}</arg>
<arg>chrome</arg>
<doc>Opens a new browser instance to the optional ``url``.</doc>
<msg timestamp="20220923 05:24:26.668" level="INFO">Opening browser 'chrome' to base url 'https://app.deriv.com/'.</msg>
<status status="PASS" starttime="20220923 05:24:26.667" endtime="20220923 05:24:30.644"/>
</kw>
<kw name="Set Selenium Speed" library="SeleniumLibrary">
<arg>0.3</arg>
<doc>Sets the delay that is waited after each Selenium command.</doc>
<status status="PASS" starttime="20220923 05:24:30.644" endtime="20220923 05:24:30.645"/>
</kw>
<kw name="Maximize Browser Window" library="SeleniumLibrary">
<doc>Maximizes current browser window.</doc>
<status status="PASS" starttime="20220923 05:24:30.645" endtime="20220923 05:24:31.052"/>
</kw>
<kw name="Wait Until Page Contains Element" library="SeleniumLibrary">
<arg>//div[@class='btn-purchase__text_wrapper' and contains(.,'Rise')]</arg>
<arg>10</arg>
<doc>Waits until the element ``locator`` appears on the current page.</doc>
<status status="PASS" starttime="20220923 05:24:31.052" endtime="20220923 05:24:32.917"/>
</kw>
<kw name="Click Element" library="SeleniumLibrary">
<arg>dt_login_button</arg>
<doc>Click the element identified by ``locator``.</doc>
<msg timestamp="20220923 05:24:32.918" level="INFO">Clicking element 'dt_login_button'.</msg>
<status status="PASS" starttime="20220923 05:24:32.918" endtime="20220923 05:24:35.863"/>
</kw>
<kw name="Wait Until Page Contains Element" library="SeleniumLibrary">
<arg>//input[@type='email']</arg>
<arg>10</arg>
<doc>Waits until the element ``locator`` appears on the current page.</doc>
<status status="PASS" starttime="20220923 05:24:35.864" endtime="20220923 05:24:36.179"/>
</kw>
<kw name="Input Text" library="SeleniumLibrary">
<arg>txtEmail</arg>
<arg>hassif@besquare.com.my</arg>
<doc>Types the given ``text`` into the text field identified by ``locator``.</doc>
<msg timestamp="20220923 05:24:36.179" level="INFO">Typing text 'hassif@besquare.com.my' into text field 'txtEmail'.</msg>
<status status="PASS" starttime="20220923 05:24:36.179" endtime="20220923 05:24:37.198"/>
</kw>
<kw name="Input Text" library="SeleniumLibrary">
<arg>txtPass</arg>
<arg>Huhu1234</arg>
<doc>Types the given ``text`` into the text field identified by ``locator``.</doc>
<msg timestamp="20220923 05:24:37.199" level="INFO">Typing text 'Huhu1234' into text field 'txtPass'.</msg>
<status status="PASS" starttime="20220923 05:24:37.198" endtime="20220923 05:24:38.217"/>
</kw>
<kw name="Click Element" library="SeleniumLibrary">
<arg>//button[@type='submit']</arg>
<doc>Click the element identified by ``locator``.</doc>
<msg timestamp="20220923 05:24:38.218" level="INFO">Clicking element '//button[@type='submit']'.</msg>
<status status="PASS" starttime="20220923 05:24:38.217" endtime="20220923 05:24:41.915"/>
</kw>
<kw name="Wait Until Page Contains Element" library="SeleniumLibrary">
<arg>//div[@class='btn-purchase__text_wrapper' and contains(.,'Rise')]</arg>
<arg>10</arg>
<doc>Waits until the element ``locator`` appears on the current page.</doc>
<status status="PASS" starttime="20220923 05:24:41.916" endtime="20220923 05:24:43.826"/>
</kw>
<kw name="Click Element" library="SeleniumLibrary">
<arg>//div[@id='dt_core_account-info_acc-info']</arg>
<doc>Click the element identified by ``locator``.</doc>
<msg timestamp="20220923 05:24:43.826" level="INFO">Clicking element '//div[@id='dt_core_account-info_acc-info']'.</msg>
<status status="PASS" starttime="20220923 05:24:43.826" endtime="20220923 05:24:44.891"/>
</kw>
<kw name="Wait Until Page Contains Element" library="SeleniumLibrary">
<arg>//div[contains(@id, "dt_CR")]</arg>
<arg>10</arg>
<doc>Waits until the element ``locator`` appears on the current page.</doc>
<status status="PASS" starttime="20220923 05:24:44.892" endtime="20220923 05:24:45.214"/>
</kw>
<kw name="Click Element" library="SeleniumLibrary">
<arg>//li[@id='dt_core_account-switcher_demo-tab']</arg>
<doc>Click the element identified by ``locator``.</doc>
<msg timestamp="20220923 05:24:45.215" level="INFO">Clicking element '//li[@id='dt_core_account-switcher_demo-tab']'.</msg>
<status status="PASS" starttime="20220923 05:24:45.215" endtime="20220923 05:24:45.896"/>
</kw>
<kw name="Wait Until Page Contains Element" library="SeleniumLibrary">
<arg>//div[contains(@id, "dt_VRTC")]</arg>
<arg>30</arg>
<doc>Waits until the element ``locator`` appears on the current page.</doc>
<status status="PASS" starttime="20220923 05:24:45.897" endtime="20220923 05:24:46.218"/>
</kw>
<kw name="Click Element" library="SeleniumLibrary">
<arg>//div[contains(@id, "dt_VRTC")]</arg>
<doc>Click the element identified by ``locator``.</doc>
<msg timestamp="20220923 05:24:46.219" level="INFO">Clicking element '//div[contains(@id, "dt_VRTC")]'.</msg>
<status status="PASS" starttime="20220923 05:24:46.219" endtime="20220923 05:24:46.998"/>
</kw>
<kw name="Sleep" library="BuiltIn">
<arg>5</arg>
<doc>Pauses the test executed for the given time.</doc>
<msg timestamp="20220923 05:24:51.999" level="INFO">Slept 5 seconds</msg>
<status status="PASS" starttime="20220923 05:24:46.998" endtime="20220923 05:24:52.000"/>
</kw>
<kw name="Click Element" library="SeleniumLibrary">
<arg>//a[@class="account-settings-toggle" and contains(@href,'/account/personal-details')]</arg>
<doc>Click the element identified by ``locator``.</doc>
<msg timestamp="20220923 05:24:52.002" level="INFO">Clicking element '//a[@class="account-settings-toggle" and contains(@href,'/account/personal-details')]'.</msg>
<status status="PASS" starttime="20220923 05:24:52.001" endtime="20220923 05:24:52.744"/>
</kw>
<kw name="Wait Until Page Contains Element" library="SeleniumLibrary">
<arg>//a[@id='dc_api-token_link']</arg>
<arg>30</arg>
<doc>Waits until the element ``locator`` appears on the current page.</doc>
<status status="PASS" starttime="20220923 05:24:52.744" endtime="20220923 05:24:53.076"/>
</kw>
<kw name="Click Element" library="SeleniumLibrary">
<arg>//a[@id='dc_api-token_link']</arg>
<doc>Click the element identified by ``locator``.</doc>
<msg timestamp="20220923 05:24:53.077" level="INFO">Clicking element '//a[@id='dc_api-token_link']'.</msg>
<status status="PASS" starttime="20220923 05:24:53.077" endtime="20220923 05:24:53.773"/>
</kw>
<kw name="Wait Until Page Contains Element" library="SeleniumLibrary">
<arg>//div[@class="da-api-token__checkbox-wrapper"]</arg>
<arg>10</arg>
<doc>Waits until the element ``locator`` appears on the current page.</doc>
<status status="PASS" starttime="20220923 05:24:53.773" endtime="20220923 05:24:54.634"/>
</kw>
<status status="PASS" starttime="20220923 05:24:26.667" endtime="20220923 05:24:54.635"/>
</test>
<test id="s1-t2" name="TC31/32" line="29">
<kw name="Click Element" library="SeleniumLibrary">
<arg>(//*[@data-testid='dt_token_delete_icon'])[1]</arg>
<doc>Click the element identified by ``locator``.</doc>
<msg timestamp="20220923 05:24:54.637" level="INFO">Clicking element '(//*[@data-testid='dt_token_delete_icon'])[1]'.</msg>
<status status="PASS" starttime="20220923 05:24:54.637" endtime="20220923 05:24:55.318"/>
</kw>
<kw name="Click Button" library="SeleniumLibrary">
<arg>//button[@type='submit' and contains(.,'delete')]</arg>
<doc>Clicks the button identified by ``locator``.</doc>
<msg timestamp="20220923 05:24:55.319" level="INFO">Clicking button '//button[@type='submit' and contains(.,'delete')]'.</msg>
<status status="PASS" starttime="20220923 05:24:55.318" endtime="20220923 05:24:56.924"/>
</kw>
<kw name="Sleep" library="BuiltIn">
<arg>5</arg>
<doc>Pauses the test executed for the given time.</doc>
<msg timestamp="20220923 05:25:01.925" level="INFO">Slept 5 seconds</msg>
<status status="PASS" starttime="20220923 05:24:56.924" endtime="20220923 05:25:01.925"/>
</kw>
<status status="PASS" starttime="20220923 05:24:54.636" endtime="20220923 05:25:01.926"/>
</test>
<test id="s1-t3" name="TC33/36/37" line="33">
<kw name="Click Element" library="SeleniumLibrary">
<arg>(//*[@data-testid='dt_toggle_visibility_icon'])[1]</arg>
<doc>Click the element identified by ``locator``.</doc>
<msg timestamp="20220923 05:25:01.928" level="INFO">Clicking element '(//*[@data-testid='dt_toggle_visibility_icon'])[1]'.</msg>
<status status="PASS" starttime="20220923 05:25:01.927" endtime="20220923 05:25:02.604"/>
</kw>
<kw name="Sleep" library="BuiltIn">
<arg>2</arg>
<doc>Pauses the test executed for the given time.</doc>
<msg timestamp="20220923 05:25:04.604" level="INFO">Slept 2 seconds</msg>
<status status="PASS" starttime="20220923 05:25:02.604" endtime="20220923 05:25:04.605"/>
</kw>
<kw name="Click Element" library="SeleniumLibrary">
<arg>(//*[@data-testid='dt_toggle_visibility_icon'])[1]</arg>
<doc>Click the element identified by ``locator``.</doc>
<msg timestamp="20220923 05:25:04.605" level="INFO">Clicking element '(//*[@data-testid='dt_toggle_visibility_icon'])[1]'.</msg>
<status status="PASS" starttime="20220923 05:25:04.605" endtime="20220923 05:25:05.270"/>
</kw>
<kw name="Sleep" library="BuiltIn">
<arg>5</arg>
<doc>Pauses the test executed for the given time.</doc>
<msg timestamp="20220923 05:25:10.271" level="INFO">Slept 5 seconds</msg>
<status status="PASS" starttime="20220923 05:25:05.271" endtime="20220923 05:25:10.272"/>
</kw>
<status status="PASS" starttime="20220923 05:25:01.927" endtime="20220923 05:25:10.272"/>
</test>
<test id="s1-t4" name="TC34/35" line="38">
<kw name="Click Element" library="SeleniumLibrary">
<arg>(//*[@data-testid='dt_copy_token_icon'])[1]</arg>
<doc>Click the element identified by ``locator``.</doc>
<msg timestamp="20220923 05:25:10.275" level="INFO">Clicking element '(//*[@data-testid='dt_copy_token_icon'])[1]'.</msg>
<status status="PASS" starttime="20220923 05:25:10.274" endtime="20220923 05:25:10.952"/>
</kw>
<kw name="Click Element" library="SeleniumLibrary">
<arg>//button[@type='submit' and contains(.,'OK')]</arg>
<doc>Click the element identified by ``locator``.</doc>
<msg timestamp="20220923 05:25:10.953" level="INFO">Clicking element '//button[@type='submit' and contains(.,'OK')]'.</msg>
<status status="PASS" starttime="20220923 05:25:10.952" endtime="20220923 05:25:11.639"/>
</kw>
<kw name="Sleep" library="BuiltIn">
<arg>5</arg>
<doc>Pauses the test executed for the given time.</doc>
<msg timestamp="20220923 05:25:16.640" level="INFO">Slept 5 seconds</msg>
<status status="PASS" starttime="20220923 05:25:11.639" endtime="20220923 05:25:16.640"/>
</kw>
<status status="PASS" starttime="20220923 05:25:10.273" endtime="20220923 05:25:16.640"/>
</test>
<test id="s1-t5" name="TC39" line="42">
<kw name="Click Element" library="SeleniumLibrary">
<arg>//div[@class='composite-checkbox api-token__checkbox' and contains(.,"Admin")]</arg>
<doc>Click the element identified by ``locator``.</doc>
<msg timestamp="20220923 05:25:16.642" level="INFO">Clicking element '//div[@class='composite-checkbox api-token__checkbox' and contains(.,"Admin")]'.</msg>
<status status="PASS" starttime="20220923 05:25:16.642" endtime="20220923 05:25:17.370"/>
</kw>
<kw name="Press Keys" library="SeleniumLibrary">
<arg>//input[@name='token_name']</arg>
<arg>CTRL+a+BACKSPACE</arg>
<doc>Simulates the user pressing key(s) to an element or on the active browser.</doc>
<msg timestamp="20220923 05:25:17.371" level="INFO">Sending key(s) ('CTRL+a+BACKSPACE',) to //input[@name='token_name'] element.</msg>
<msg timestamp="20220923 05:25:18.273" level="INFO">Pressing special key CONTROL down.</msg>
<msg timestamp="20220923 05:25:18.273" level="INFO">Sending key a</msg>
<msg timestamp="20220923 05:25:18.273" level="INFO">Pressing special key BACKSPACE down.</msg>
<msg timestamp="20220923 05:25:18.273" level="INFO">Releasing special key CONTROL.</msg>
<msg timestamp="20220923 05:25:18.273" level="INFO">Releasing special key BACKSPACE.</msg>
<status status="PASS" starttime="20220923 05:25:17.370" endtime="20220923 05:25:18.594"/>
</kw>
<kw name="Input Text" library="SeleniumLibrary">
<arg>//input[@name='token_name']</arg>
<arg>9K3A8HGVHWMGocV7SsuArBflF9sDgKCp</arg>
<doc>Types the given ``text`` into the text field identified by ``locator``.</doc>
<msg timestamp="20220923 05:25:18.595" level="INFO">Typing text '9K3A8HGVHWMGocV7SsuArBflF9sDgKCp' into text field '//input[@name='token_name']'.</msg>
<status status="PASS" starttime="20220923 05:25:18.595" endtime="20220923 05:25:20.365"/>
</kw>
<kw name="Click Element" library="SeleniumLibrary">
<arg>//button[@type='submit' and contains(.,'Create')]</arg>
<doc>Click the element identified by ``locator``.</doc>
<msg timestamp="20220923 05:25:20.366" level="INFO">Clicking element '//button[@type='submit' and contains(.,'Create')]'.</msg>
<status status="PASS" starttime="20220923 05:25:20.365" endtime="20220923 05:25:21.083"/>
</kw>
<kw name="Sleep" library="BuiltIn">
<arg>5</arg>
<doc>Pauses the test executed for the given time.</doc>
<msg timestamp="20220923 05:25:26.084" level="INFO">Slept 5 seconds</msg>
<status status="PASS" starttime="20220923 05:25:21.083" endtime="20220923 05:25:26.084"/>
</kw>
<status status="PASS" starttime="20220923 05:25:16.641" endtime="20220923 05:25:26.085"/>
</test>
<test id="s1-t6" name="TC40" line="48">
<kw name="Click Element" library="SeleniumLibrary">
<arg>//div[@class='composite-checkbox api-token__checkbox' and contains(.,"Admin")]</arg>
<doc>Click the element identified by ``locator``.</doc>
<msg timestamp="20220923 05:25:26.087" level="INFO">Clicking element '//div[@class='composite-checkbox api-token__checkbox' and contains(.,"Admin")]'.</msg>
<status status="PASS" starttime="20220923 05:25:26.086" endtime="20220923 05:25:26.769"/>
</kw>
<kw name="Click Element" library="SeleniumLibrary">
<arg>//div[@class='composite-checkbox api-token__checkbox' and contains(.,"Read")]</arg>
<doc>Click the element identified by ``locator``.</doc>
<msg timestamp="20220923 05:25:26.770" level="INFO">Clicking element '//div[@class='composite-checkbox api-token__checkbox' and contains(.,"Read")]'.</msg>
<status status="PASS" starttime="20220923 05:25:26.770" endtime="20220923 05:25:27.465"/>
</kw>
<kw name="Press Keys" library="SeleniumLibrary">
<arg>//input[@name='token_name']</arg>
<arg>CTRL+a+BACKSPACE</arg>
<doc>Simulates the user pressing key(s) to an element or on the active browser.</doc>
<msg timestamp="20220923 05:25:27.466" level="INFO">Sending key(s) ('CTRL+a+BACKSPACE',) to //input[@name='token_name'] element.</msg>
<msg timestamp="20220923 05:25:28.359" level="INFO">Pressing special key CONTROL down.</msg>
<msg timestamp="20220923 05:25:28.359" level="INFO">Sending key a</msg>
<msg timestamp="20220923 05:25:28.360" level="INFO">Pressing special key BACKSPACE down.</msg>
<msg timestamp="20220923 05:25:28.360" level="INFO">Releasing special key CONTROL.</msg>
<msg timestamp="20220923 05:25:28.360" level="INFO">Releasing special key BACKSPACE.</msg>
<status status="PASS" starttime="20220923 05:25:27.465" endtime="20220923 05:25:28.673"/>
</kw>
<kw name="Input Text" library="SeleniumLibrary">
<arg>//input[@name='token_name']</arg>
<arg>9K3A8HGVHWMGocV7SsuArBflF9sDgKCp</arg>
<doc>Types the given ``text`` into the text field identified by ``locator``.</doc>
<msg timestamp="20220923 05:25:28.675" level="INFO">Typing text '9K3A8HGVHWMGocV7SsuArBflF9sDgKCp' into text field '//input[@name='token_name']'.</msg>
<status status="PASS" starttime="20220923 05:25:28.674" endtime="20220923 05:25:30.409"/>
</kw>
<kw name="Click Element" library="SeleniumLibrary">
<arg>//button[@type='submit' and contains(.,'Create')]</arg>
<doc>Click the element identified by ``locator``.</doc>
<msg timestamp="20220923 05:25:30.410" level="INFO">Clicking element '//button[@type='submit' and contains(.,'Create')]'.</msg>
<status status="PASS" starttime="20220923 05:25:30.409" endtime="20220923 05:25:31.102"/>
</kw>
<kw name="Sleep" library="BuiltIn">
<arg>5</arg>
<doc>Pauses the test executed for the given time.</doc>
<msg timestamp="20220923 05:25:36.103" level="INFO">Slept 5 seconds</msg>
<status status="PASS" starttime="20220923 05:25:31.103" endtime="20220923 05:25:36.104"/>
</kw>
<status status="PASS" starttime="20220923 05:25:26.086" endtime="20220923 05:25:36.104"/>
</test>
<test id="s1-t7" name="TC41/ Clicking X" line="55">
<kw name="Click Element" library="SeleniumLibrary">
<arg>//div[@data-testid='page_overlay_header_close']</arg>
<doc>Click the element identified by ``locator``.</doc>
<msg timestamp="20220923 05:25:36.106" level="INFO">Clicking element '//div[@data-testid='page_overlay_header_close']'.</msg>
<status status="PASS" starttime="20220923 05:25:36.106" endtime="20220923 05:25:36.919"/>
</kw>
<kw name="Sleep" library="BuiltIn">
<arg>5</arg>
<doc>Pauses the test executed for the given time.</doc>
<msg timestamp="20220923 05:25:41.919" level="INFO">Slept 5 seconds</msg>
<status status="PASS" starttime="20220923 05:25:36.919" endtime="20220923 05:25:41.920"/>
</kw>
<status status="PASS" starttime="20220923 05:25:36.105" endtime="20220923 05:25:41.920"/>
</test>
<status status="PASS" starttime="20220923 05:24:26.588" endtime="20220923 05:25:41.922"/>
</suite>
<statistics>
<total>
<stat pass="7" fail="0" skip="0">All Tests</stat>
</total>
<tag>
</tag>
<suite>
<stat pass="7" fail="0" skip="0" id="s1" name="CheckToken">CheckToken</stat>
</suite>
</statistics>
<errors>
</errors>
</robot>
